0 info it worked if it ends with ok
1 verbose cli [ '/usr/bin/node', '/usr/bin/npm', 'publish' ]
2 info using npm@1.4.28
3 info using node@v0.10.35
4 verbose node symlink /usr/bin/node
5 verbose publish [ '.' ]
6 verbose cache add [ '.', null ]
7 verbose cache add name=undefined spec="." args=[".",null]
8 verbose parsed url { protocol: null,
8 verbose parsed url   slashes: null,
8 verbose parsed url   auth: null,
8 verbose parsed url   host: null,
8 verbose parsed url   port: null,
8 verbose parsed url   hostname: null,
8 verbose parsed url   hash: null,
8 verbose parsed url   search: null,
8 verbose parsed url   query: null,
8 verbose parsed url   pathname: '.',
8 verbose parsed url   path: '.',
8 verbose parsed url   href: '.' }
9 silly lockFile 3a52ce78- .
10 verbose lock . /home/bunnybook/.npm/3a52ce78-.lock
11 verbose tar pack [ '/home/bunnybook/.npm/ardeidae/1.0.0/package.tgz', '.' ]
12 verbose tarball /home/bunnybook/.npm/ardeidae/1.0.0/package.tgz
13 verbose folder .
14 info prepublish ardeidae@1.0.0
15 silly lockFile 1f1177db-tar tar://.
16 verbose lock tar://. /home/bunnybook/.npm/1f1177db-tar.lock
17 silly lockFile 1cb982a1-k-npm-ardeidae-1-0-0-package-tgz tar:///home/bunnybook/.npm/ardeidae/1.0.0/package.tgz
18 verbose lock tar:///home/bunnybook/.npm/ardeidae/1.0.0/package.tgz /home/bunnybook/.npm/1cb982a1-k-npm-ardeidae-1-0-0-package-tgz.lock
19 silly lockFile 1f1177db-tar tar://.
20 silly lockFile 1f1177db-tar tar://.
21 silly lockFile 1cb982a1-k-npm-ardeidae-1-0-0-package-tgz tar:///home/bunnybook/.npm/ardeidae/1.0.0/package.tgz
22 silly lockFile 1cb982a1-k-npm-ardeidae-1-0-0-package-tgz tar:///home/bunnybook/.npm/ardeidae/1.0.0/package.tgz
23 silly lockFile 9ceddf50-ybook-npm-ardeidae-1-0-0-package /home/bunnybook/.npm/ardeidae/1.0.0/package
24 verbose lock /home/bunnybook/.npm/ardeidae/1.0.0/package /home/bunnybook/.npm/9ceddf50-ybook-npm-ardeidae-1-0-0-package.lock
25 silly lockFile 9ceddf50-ybook-npm-ardeidae-1-0-0-package /home/bunnybook/.npm/ardeidae/1.0.0/package
26 silly lockFile 9ceddf50-ybook-npm-ardeidae-1-0-0-package /home/bunnybook/.npm/ardeidae/1.0.0/package
27 silly lockFile 3a52ce78- .
28 silly lockFile 3a52ce78- .
29 silly publish { name: 'ardeidae',
29 silly publish   version: '1.0.0',
29 silly publish   description: 'Messaging server supporting logging, and private messaging.',
29 silly publish   main: 'index.js',
29 silly publish   directories: { example: 'example', test: 'test' },
29 silly publish   scripts: { test: 'echo "Error: no test specified" && exit 1' },
29 silly publish   repository: { type: 'git', url: 'https://github.com/weleoka/ardeidae.git' },
29 silly publish   keywords: [ 'messaging', 'server', 'websockets' ],
29 silly publish   author: { name: 'Kai Weeks' },
29 silly publish   license: 'Creative Commons v4.0',
29 silly publish   bugs: { url: 'https://github.com/weleoka/ardeidae/issues' },
29 silly publish   homepage: 'https://github.com/weleoka/ardeidae',
29 silly publish   readme: '\nWebSocket Messaging Server using Node.js and:\nhttps://github.com/Worlize/WebSocket-Node/wiki/Documentation).\n=================================================\n\n--->> Writing the package.json file: https://docs.npmjs.com/files/package.json\n\nBrowser Support\n---------------\n\n\nFor a WebSocket protocol 8 (draft-10) client written in ActionScript 3 see my [AS3WebScocket](https://github.com/Worlize/AS3WebSocket) project.\n\nOverview\n--------\n\n\n\n\nDocumentation\n=============\n\nFor more complete documentation, see the [Documentation Wiki]().\n\n\nInstallation\n------------\nIn your project root:\n\n    $ npm install ardeidae\n  \nThen in your code:\n\n    var UsrControl = require(\'ardeidae\').usrControl;\n\n\nCurrent Features:\n-----------------\n* Message logging\n* Private messaging\n* Filter messages with htmlEntities\n* Independent name logging to prevent in session client name-changing.\n* \n\n\nKnown Issues/Missing Features:\n------------------------------\n* Concider the format for saving message log. JSON or Object?\n\n\n\n\nUsage Examples\n==============\n\n\n\nServer Example\n--------------\n\n\n\n\nClient Example\n--------------\n\n\n\n\nResources\n---------',
29 silly publish   readmeFilename: 'README.md',
29 silly publish   _id: 'ardeidae@1.0.0',
29 silly publish   _shasum: '0f260ad1b04324ed08398b120c33b2f35a864165',
29 silly publish   _from: '.' }
30 error need auth auth and email required for publishing
30 error need auth You need to authorize this machine using `npm adduser`
31 error System Linux 3.2.0-75-generic
32 error command "/usr/bin/node" "/usr/bin/npm" "publish"
33 error cwd /home/bunnybook/lampstack-5.4.34-0/apache2/htdocs/javascript/backupArdeidae/node_modules/ardeidae
34 error node -v v0.10.35
35 error npm -v 1.4.28
36 error code ENEEDAUTH
37 verbose exit [ 1, true ]
